{
  "executedBrowser": "Chrome",
  "executionProfile": "default",
  "executionProperties": {
    "Name": "Chrome",
    "allowCustomizeRequestResponseSizeLimit": true,
    "allowCustomizeRequestTimeout": true,
    "allowUsingSelfHealing": true,
    "allowUsingTimeCapsule": true,
    "description": "",
    "execution": {
      "drivers": {
        "preferences": {
          "WebUI": {}
        },
        "system": {
          "WebUI": {
            "browserType": "CHROME_DRIVER",
            "chromeDriverPath": "/Applications/Katalon Studio.app/Contents/Eclipse/configuration/resources/drivers/chromedriver_mac/chromedriver"
          }
        }
      },
      "general": {
        "actionDelay": 0,
        "autoApplyNeighborXpaths": false,
        "defaultFailureHandling": "STOP_ON_FAILURE",
        "defaultPageLoadTimeout": 30,
        "enablePageLoadTimeout": false,
        "excludeKeywords": [
          "verifyElementPresent",
          "verifyElementNotPresent"
        ],
        "executionProfile": "default",
        "ignorePageLoadTimeoutException": false,
        "methodsPriorityOrder": [
          {
            "left": "XPATH",
            "right": true
          },
          {
            "left": "BASIC",
            "right": true
          },
          {
            "left": "CSS",
            "right": true
          },
          {
            "left": "IMAGE",
            "right": true
          }
        ],
        "proxy": "{\"proxyOption\":\"NO_PROXY\",\"proxyServerType\":\"HTTP\",\"username\":\"\",\"password\":\"\",\"proxyServerAddress\":\"\",\"proxyServerPort\":0,\"exceptionList\":\"\",\"applyToDesiredCapabilities\":true}",
        "report": {
          "reportFolder": "/Users/kazuakiurayama/katalon-workspace/CompilingCustomReportInKatalonStudio/Reports/20210318_102618/TS1/20210318_102618",
          "screenCaptureOption": true,
          "videoRecorderOption": {
            "allowedRecordIfFailed": true,
            "allowedRecordIfPassed": false,
            "enable": false,
            "recordAllTestCases": false,
            "useBrowserRecorder": false,
            "videoFormat": "AVI",
            "videoQuality": "LOW"
          }
        },
        "selfHealingEnabled": true,
        "terminateDriverAfterTestCase": false,
        "terminateDriverAfterTestSuite": true,
        "testDataInfo": {},
        "timeCapsuleEnabled": false,
        "timeout": 30,
        "useActionDelayInSecond": "SECONDS",
        "xpathsPriority": [
          {
            "left": "xpath:attributes",
            "right": true
          },
          {
            "left": "xpath:idRelative",
            "right": true
          },
          {
            "left": "dom:name",
            "right": true
          },
          {
            "left": "xpath:link",
            "right": true
          },
          {
            "left": "xpath:neighbor",
            "right": true
          },
          {
            "left": "xpath:href",
            "right": true
          },
          {
            "left": "xpath:img",
            "right": true
          },
          {
            "left": "xpath:position",
            "right": true
          }
        ]
      },
      "globalSmartWaitEnabled": true,
      "logTestSteps": true
    },
    "host": {
      "hostAddress": "192.168.43.135",
      "hostName": "kazuakiurayama - 192.168.43.135",
      "hostPort": 52077,
      "os": "Mac OS X 64bit"
    },
    "id": "Test Suites/TS1",
    "logbackConfigFileLocation": "/Applications/Katalon Studio.app/Contents/Eclipse/configuration/org.eclipse.osgi/73/0/.cp/resources/logback/logback-console.xml",
    "name": "TS1",
    "pluginTestListeners": [
      "KatalonReportListener"
    ],
    "projectDir": "/Users/kazuakiurayama/katalon-workspace/CompilingCustomReportInKatalonStudio",
    "runningMode": "GUI",
    "sessionServer.host": "localhost",
    "sessionServer.port": 51687,
    "source": "/Users/kazuakiurayama/katalon-workspace/CompilingCustomReportInKatalonStudio/Test Suites/TS1.ts",
    "testops": {}
  },
  "testCases": [
    {
      "isMainTestCase": true,
      "testCaseStatus": "FAILED",
      "testCaseId": "Test Cases/TC1",
      "testCaseVariables": {
        "var2": 99,
        "var1": "foo"
      },
      "message": "Test Cases/TC1 FAILED.\nReason:\ncom.kms.katalon.core.exception.StepFailedException: Unable to accept alert\n\tat com.kms.katalon.core.webui.keyword.internal.WebUIKeywordMain.stepFailed(WebUIKeywordMain.groovy:64)\n\tat com.kms.katalon.core.webui.keyword.internal.WebUIKeywordMain.runKeyword(WebUIKeywordMain.groovy:26)\n\tat com.kms.katalon.core.webui.keyword.builtin.AcceptAlertKeyword.acceptAlert(AcceptAlertKeyword.groovy:71)\n\tat com.kms.katalon.core.webui.keyword.builtin.AcceptAlertKeyword.execute(AcceptAlertKeyword.groovy:66)\n\tat com.kms.katalon.core.keyword.internal.KeywordExecutor.executeKeywordForPlatform(KeywordExecutor.groovy:73)\n\tat com.kms.katalon.core.webui.keyword.WebUiBuiltInKeywords.acceptAlert(WebUiBuiltInKeywords.groovy:1521)\n\tat com.kms.katalon.core.webui.keyword.WebUiBuiltInKeywords$acceptAlert.call(Unknown Source)\n\tat TC1.run(TC1:20)\n\tat com.kms.katalon.core.main.ScriptEngine.run(ScriptEngine.java:194)\n\tat com.kms.katalon.core.main.ScriptEngine.runScriptAsRawText(ScriptEngine.java:119)\n\tat com.kms.katalon.core.main.TestCaseExecutor.runScript(TestCaseExecutor.java:398)\n\tat com.kms.katalon.core.main.TestCaseExecutor.doExecute(TestCaseExecutor.java:389)\n\tat com.kms.katalon.core.main.TestCaseExecutor.processExecutionPhase(TestCaseExecutor.java:368)\n\tat com.kms.katalon.core.main.TestCaseExecutor.accessMainPhase(TestCaseExecutor.java:360)\n\tat com.kms.katalon.core.main.TestCaseExecutor.execute(TestCaseExecutor.java:255)\n\tat com.kms.katalon.core.main.TestSuiteExecutor.accessTestCaseMainPhase(TestSuiteExecutor.java:203)\n\tat com.kms.katalon.core.main.TestSuiteExecutor.accessTestSuiteMainPhase(TestSuiteExecutor.java:152)\n\tat com.kms.katalon.core.main.TestSuiteExecutor.execute(TestSuiteExecutor.java:95)\n\tat com.kms.katalon.core.main.TestCaseMain.startTestSuite(TestCaseMain.java:157)\n\tat com.kms.katalon.core.main.TestCaseMain$startTestSuite$0.call(Unknown Source)\n\tat TempTestSuite1616030778898.run(TempTestSuite1616030778898.groovy:39)\nCaused by: com.kms.katalon.core.webui.exception.BrowserNotOpenedException: Browser is not opened\nBuild info: version: \u00273.141.59\u0027, revision: \u0027e82be7d358\u0027, time: \u00272018-11-14T08:25:53\u0027\nSystem info: host: \u0027KAZUAKInoMacBook-Air.local\u0027, ip: \u0027fe80:0:0:0:1095:79cf:8869:7e87%en0\u0027, os.name: \u0027Mac OS X\u0027, os.arch: \u0027x86_64\u0027, os.version: \u002710.16\u0027, java.version: \u00271.8.0_275\u0027\nDriver info: driver.version: unknown\n\tat com.kms.katalon.core.webui.driver.DriverFactory.verifyWebDriverIsOpen(DriverFactory.java:931)\n\tat com.kms.katalon.core.webui.driver.DriverFactory.getAlert(DriverFactory.java:944)\n\tat com.kms.katalon.core.webui.keyword.builtin.AcceptAlertKeyword$_acceptAlert_closure1.doCall(AcceptAlertKeyword.groovy:72)\n\tat com.kms.katalon.core.webui.keyword.builtin.AcceptAlertKeyword$_acceptAlert_closure1.call(AcceptAlertKeyword.groovy)\n\tat com.kms.katalon.core.webui.keyword.internal.WebUIKeywordMain.runKeyword(WebUIKeywordMain.groovy:20)\n\t... 19 more\n",
      "testCaseIndex": 0,
      "isSkipped": false
    },
    {
      "isMainTestCase": true,
      "testCaseStatus": "FAILED",
      "testCaseId": "Test Cases/TC2",
      "testCaseVariables": {},
      "message": "Test Cases/TC2 FAILED.\nReason:\ncom.kms.katalon.core.exception.StepFailedException: Failed intentionally\n\tat com.kms.katalon.core.util.KeywordUtil.markFailed(KeywordUtil.java:19)\n\tat com.kms.katalon.core.util.KeywordUtil$markFailed.call(Unknown Source)\n\tat TC2.run(TC2:5)\n\tat com.kms.katalon.core.main.ScriptEngine.run(ScriptEngine.java:194)\n\tat com.kms.katalon.core.main.ScriptEngine.runScriptAsRawText(ScriptEngine.java:119)\n\tat com.kms.katalon.core.main.TestCaseExecutor.runScript(TestCaseExecutor.java:398)\n\tat com.kms.katalon.core.main.TestCaseExecutor.doExecute(TestCaseExecutor.java:389)\n\tat com.kms.katalon.core.main.TestCaseExecutor.processExecutionPhase(TestCaseExecutor.java:368)\n\tat com.kms.katalon.core.main.TestCaseExecutor.accessMainPhase(TestCaseExecutor.java:360)\n\tat com.kms.katalon.core.main.TestCaseExecutor.execute(TestCaseExecutor.java:255)\n\tat com.kms.katalon.core.main.TestSuiteExecutor.accessTestCaseMainPhase(TestSuiteExecutor.java:203)\n\tat com.kms.katalon.core.main.TestSuiteExecutor.accessTestSuiteMainPhase(TestSuiteExecutor.java:152)\n\tat com.kms.katalon.core.main.TestSuiteExecutor.execute(TestSuiteExecutor.java:95)\n\tat com.kms.katalon.core.main.TestCaseMain.startTestSuite(TestCaseMain.java:157)\n\tat com.kms.katalon.core.main.TestCaseMain$startTestSuite$0.call(Unknown Source)\n\tat TempTestSuite1616030778898.run(TempTestSuite1616030778898.groovy:39)\n",
      "testCaseIndex": 1,
      "isSkipped": false
    }
  ],
  "testSuite": {
    "status": "COMPLETE",
    "testSuiteId": "Test Suites/TS1"
  }
}